2023-05-26 15:11:00[ INFO ]>>queryUserList用户列表查询测试成功
2023-05-26 15:11:22[ INFO ]>>qselectUserInfo用户登录测试成功
2023-05-26 15:12:13[ INFO ]>>insert用户插入测试成功
2023-05-26 15:13:56[ INFO ]>>delete用户删除测试成功
2023-05-27 08:54:57[ INFO ]>>delete用户删除测试成功
2023-05-29 16:52:06[ INFO ]>>insert用户插入测试成功
2023-05-29 16:52:57[ INFO ]>>qselectUserInfo用户登录测试成功
2023-05-29 16:52:57[ INFO ]>>queryUserList用户列表查询测试成功
2023-05-29 16:54:54[ INFO ]>>insert用户插入测试成功
2023-05-29 16:55:21[ INFO ]>>insert用户插入测试成功
2023-05-29 16:55:46[ INFO ]>>insert用户插入测试成功
2023-05-29 16:55:46[ INFO ]>>qselectUserInfo用户登录测试成功
2023-05-29 16:55:46[ INFO ]>>queryUserList用户列表查询测试成功
2023-05-29 16:56:13[ INFO ]>>queryUserList用户列表查询测试成功
2023-05-29 16:56:21[ INFO ]>>qselectUserInfo用户登录测试成功
2023-05-29 16:56:31[ INFO ]>>insert用户插入测试成功
2023-05-29 16:56:38[ INFO ]>>qselectUserInfo用户登录测试成功
2023-05-29 16:56:38[ INFO ]>>qselectUserInfo用户登录测试成功
2023-05-29 16:56:38[ INFO ]>>queryUserList用户列表查询测试成功
2023-05-29 16:56:38[ INFO ]>>queryUserList用户列表查询测试成功
2023-05-29 16:56:39[ INFO ]>>delete用户删除测试成功
2023-05-29 16:56:47[ INFO ]>>insert用户插入测试成功
2023-05-29 16:57:39[ INFO ]>>qselectUserInfo用户登录测试成功
2023-05-29 16:57:39[ INFO ]>>queryUserList用户列表查询测试成功
2023-05-29 17:00:16[ INFO ]>>insert用户插入测试成功
2023-05-29 17:00:56[ INFO ]>>insert用户插入测试成功
2023-05-29 17:01:48[ INFO ]>>qselectUserInfo用户登录测试成功
2023-05-29 17:01:48[ INFO ]>>queryUserList用户列表查询测试成功
2023-05-29 17:02:40[ INFO ]>>insert用户插入测试成功
2023-05-29 17:03:26[ INFO ]>>insert用户插入测试成功
2023-05-29 17:03:26[ INFO ]>>qselectUserInfo用户登录测试成功
2023-05-29 17:03:26[ INFO ]>>queryUserList用户列表查询测试成功
2023-05-29 17:03:34[ INFO ]>>insert用户插入测试成功
2023-05-29 17:03:34[ INFO ]>>qselectUserInfo用户登录测试成功
2023-05-29 17:03:34[ INFO ]>>queryUserList用户列表查询测试成功
2023-05-29 17:25:10[ INFO ]>>delete项目删除测试成功
2023-05-29 17:29:48[ INFO ]>>queryProjectList项目列表查询测试成功
2023-05-29 17:34:54[ INFO ]>>insert用户插入测试成功
2023-05-29 18:24:35[ INFO ]>>delete项目删除测试成功
2023-05-29 18:24:49[ INFO ]>>delete项目删除测试成功
2023-05-29 18:25:36[ INFO ]>>update项目更新测试成功
2023-05-29 18:28:27[ INFO ]>>insert用户插入测试成功
2023-05-29 18:28:27[ INFO ]>>update项目更新测试成功
2023-05-29 18:28:27[ INFO ]>>queryProjectList项目列表查询测试成功
2023-05-29 18:28:27[ INFO ]>>delete项目删除测试成功
2023-05-29 18:29:19[ INFO ]>>Projectinsert项目插入测试成功
2023-05-29 18:29:19[ INFO ]>>qselectUserInfo用户登录测试成功
2023-05-29 18:29:19[ INFO ]>>queryUserList用户列表查询测试成功
2023-05-29 18:31:52[ INFO ]>>delete用户删除测试成功
2023-05-29 18:33:54[ INFO ]>>insert用户插入测试成功
2023-05-29 18:33:54[ INFO ]>>update项目更新测试成功
2023-05-29 18:33:54[ INFO ]>>queryProjectList项目列表查询测试成功
2023-05-29 18:35:34[ INFO ]>>insert用户插入测试成功
2023-05-29 18:35:34[ INFO ]>>update项目更新测试成功
2023-05-29 18:35:34[ INFO ]>>queryProjectList项目列表查询测试成功
2023-05-29 18:35:34[ INFO ]>>delete项目删除测试成功
2023-05-29 18:35:47[ INFO ]>>insert用户插入测试成功
2023-05-29 18:35:47[ INFO ]>>update项目更新测试成功
2023-05-29 18:35:47[ INFO ]>>queryProjectList项目列表查询测试成功
2023-05-29 18:35:47[ INFO ]>>delete项目删除测试成功
2023-05-29 18:36:38[ INFO ]>>Projectinsert项目插入测试成功
2023-05-29 18:36:38[ INFO ]>>qselectUserInfo用户登录测试成功
2023-05-29 18:36:38[ INFO ]>>queryUserList用户列表查询测试成功
2023-05-29 18:37:36[ INFO ]>>insert用户插入测试成功
2023-05-29 18:37:36[ INFO ]>>update项目更新测试成功
2023-05-29 18:37:36[ INFO ]>>queryProjectList项目列表查询测试成功
2023-05-29 18:37:36[ INFO ]>>delete项目删除测试成功
2023-05-29 18:38:29[ INFO ]>>insert用户插入测试成功
2023-05-29 18:38:29[ INFO ]>>update项目更新测试成功
2023-05-29 18:38:29[ INFO ]>>queryProjectList项目列表查询测试成功
2023-05-29 18:38:29[ INFO ]>>delete项目删除测试成功
2023-05-29 18:39:21[ INFO ]>>Projectinsert项目插入测试成功
2023-05-29 18:39:21[ INFO ]>>qselectUserInfo用户登录测试成功
2023-05-29 18:39:21[ INFO ]>>queryUserList用户列表查询测试成功
2023-05-29 18:44:18[ INFO ]>>insert用户插入测试成功
2023-05-29 18:44:18[ INFO ]>>update项目更新测试成功
2023-05-29 18:44:18[ INFO ]>>queryProjectList项目列表查询测试成功
2023-05-29 18:44:18[ INFO ]>>delete项目删除测试成功
2023-05-29 18:45:09[ INFO ]>>Projectinsert项目插入测试成功
2023-05-29 18:45:09[ INFO ]>>qselectUserInfo用户登录测试成功
2023-05-29 18:45:09[ INFO ]>>queryUserList用户列表查询测试成功
2023-05-29 20:41:03[ INFO ]>>update项目更新测试成功
2023-05-29 20:41:03[ INFO ]>>queryProjectList项目列表查询测试成功
2023-05-29 20:41:03[ INFO ]>>delete项目删除测试成功
2023-05-29 20:41:03[ INFO ]>>delete用户删除测试成功
2023-05-29 20:41:03[ INFO ]>>Projectinsert项目插入测试成功
2023-05-29 20:41:03[ INFO ]>>qselectUserInfo用户登录测试成功
2023-05-29 20:41:03[ INFO ]>>queryUserList用户列表查询测试成功
2023-05-29 20:41:59[ INFO ]>>update项目更新测试成功
2023-05-29 20:41:59[ INFO ]>>queryProjectList项目列表查询测试成功
2023-05-29 20:41:59[ INFO ]>>delete项目删除测试成功
2023-05-29 20:41:59[ INFO ]>>delete用户删除测试成功
2023-05-29 20:41:59[ INFO ]>>Projectinsert项目插入测试成功
2023-05-29 20:41:59[ INFO ]>>qselectUserInfo用户登录测试成功
2023-05-29 20:41:59[ INFO ]>>queryUserList用户列表查询测试成功
2023-05-29 20:43:02[ INFO ]>>insert用户插入测试成功
2023-05-29 20:43:02[ INFO ]>>update项目更新测试成功
2023-05-29 20:43:02[ INFO ]>>queryProjectList项目列表查询测试成功
2023-05-29 20:43:02[ INFO ]>>delete项目删除测试成功
2023-05-29 20:43:54[ INFO ]>>Projectinsert项目插入测试成功
2023-05-29 20:43:54[ INFO ]>>qselectUserInfo用户登录测试成功
2023-05-29 20:43:54[ INFO ]>>queryUserList用户列表查询测试成功
2023-05-29 20:52:21[ INFO ]>>insert用户插入测试成功
2023-05-29 20:52:21[ INFO ]>>update项目更新测试成功
2023-05-29 20:53:05[ INFO ]>>insert用户插入测试成功
2023-05-29 20:53:05[ INFO ]>>update项目更新测试成功
2023-05-29 20:53:56[ INFO ]>>delete项目删除测试成功
2023-05-29 20:54:48[ INFO ]>>Projectinsert项目插入测试成功
2023-05-29 20:55:30[ INFO ]>>insert用户插入测试成功
2023-05-29 20:55:30[ INFO ]>>update项目更新测试成功
2023-05-29 20:55:30[ INFO ]>>queryProjectList项目列表查询测试成功
2023-05-29 20:55:30[ INFO ]>>delete项目删除测试成功
2023-05-29 20:56:21[ INFO ]>>Projectinsert项目插入测试成功
2023-05-29 20:56:21[ INFO ]>>qselectUserInfo用户登录测试成功
2023-05-29 20:56:21[ INFO ]>>queryUserList用户列表查询测试成功
2023-05-29 21:37:52[ INFO ]>>queryUserList用户列表查询测试成功
2023-05-29 21:37:59[ INFO ]>>qselectUserInfo用户登录测试成功
2023-05-29 21:38:08[ INFO ]>>qselectUserInfo用户登录测试成功
2023-05-29 21:38:18[ INFO ]>>qselectUserInfo用户登录测试成功
2023-05-29 21:38:27[ INFO ]>>insert用户插入测试成功
2023-05-29 21:38:37[ INFO ]>>delete用户删除测试成功
2023-05-29 21:38:51[ INFO ]>>queryProjectList项目列表查询测试成功
2023-05-29 21:39:00[ INFO ]>>queryProjectList项目列表查询测试成功
2023-05-29 21:39:10[ INFO ]>>Projectinsert项目插入测试成功
2023-05-29 21:39:21[ INFO ]>>update项目更新测试成功
2023-05-29 21:39:30[ INFO ]>>delete项目删除测试成功
2023-05-29 21:40:17[ INFO ]>>insert用户插入测试成功
2023-05-29 21:40:17[ INFO ]>>update项目更新测试成功
2023-05-29 21:40:17[ INFO ]>>queryProjectList项目列表查询测试成功
2023-05-29 21:40:17[ INFO ]>>delete项目删除测试成功
2023-05-30 07:16:40[ INFO ]>>insert用户插入测试成功
2023-05-30 07:16:40[ INFO ]>>update项目更新测试成功
2023-05-30 07:16:41[ INFO ]>>queryProjectList项目列表查询测试成功
2023-05-30 07:16:41[ INFO ]>>delete项目删除测试成功
2023-05-30 07:17:10[ INFO ]>>insert用户插入测试成功
2023-05-30 07:17:10[ INFO ]>>update项目更新测试成功
2023-05-30 07:17:10[ INFO ]>>queryProjectList项目列表查询测试成功
2023-05-30 07:17:10[ INFO ]>>delete项目删除测试成功
2023-05-30 07:17:10[ INFO ]>>Projectinsert项目插入测试成功
2023-05-30 07:17:10[ INFO ]>>qselectUserInfo用户登录测试成功
2023-05-30 07:17:10[ INFO ]>>queryUserList用户列表查询测试成功
2023-05-30 08:29:11[ INFO ]>>insert用户插入测试成功
2023-05-30 08:29:11[ INFO ]>>update项目更新测试成功
2023-05-30 08:29:12[ INFO ]>>queryProjectList项目列表查询测试成功
2023-05-30 08:29:12[ INFO ]>>delete项目删除测试成功
2023-05-30 08:29:12[ INFO ]>>Projectinsert项目插入测试成功
2023-05-30 08:29:12[ INFO ]>>qselectUserInfo用户登录测试成功
2023-05-30 08:29:12[ INFO ]>>queryUserList用户列表查询测试成功
2023-05-30 08:29:36[ INFO ]>>insert用户插入测试成功
2023-05-30 08:29:36[ INFO ]>>update项目更新测试成功
2023-05-30 08:29:36[ INFO ]>>queryProjectList项目列表查询测试成功
2023-05-30 08:29:36[ INFO ]>>delete项目删除测试成功
2023-05-30 08:30:28[ INFO ]>>Projectinsert项目插入测试成功
2023-05-30 08:30:28[ INFO ]>>qselectUserInfo用户登录测试成功
2023-05-30 08:30:28[ INFO ]>>queryUserList用户列表查询测试成功
2023-05-30 08:34:49[ INFO ]>>delete用户删除测试成功
2023-05-30 08:36:35[ INFO ]>>delete用户删除测试成功
2023-05-30 08:37:05[ INFO ]>>insert用户插入测试成功
2023-05-30 08:37:05[ INFO ]>>update项目更新测试成功
2023-05-30 08:37:05[ INFO ]>>queryProjectList项目列表查询测试成功
2023-05-30 08:37:05[ INFO ]>>delete项目删除测试成功
2023-05-30 08:37:56[ INFO ]>>Projectinsert项目插入测试成功
2023-05-30 08:37:56[ INFO ]>>qselectUserInfo用户登录测试成功
2023-05-30 08:37:56[ INFO ]>>queryUserList用户列表查询测试成功
2023-05-30 08:42:59[ INFO ]>>insert用户插入测试成功
2023-05-30 08:42:59[ INFO ]>>update项目更新测试成功
2023-05-30 08:43:00[ INFO ]>>queryProjectList项目列表查询测试成功
2023-05-30 08:43:00[ INFO ]>>delete项目删除测试成功
2023-05-30 08:43:50[ INFO ]>>Projectinsert项目插入测试成功
2023-05-30 08:43:50[ INFO ]>>qselectUserInfo用户登录测试成功
2023-05-30 08:43:50[ INFO ]>>queryUserList用户列表查询测试成功
2023-05-30 08:44:49[ INFO ]>>insert用户插入测试成功
2023-05-30 08:44:49[ INFO ]>>update项目更新测试成功
2023-05-30 08:44:49[ INFO ]>>queryProjectList项目列表查询测试成功
2023-05-30 08:44:50[ INFO ]>>delete项目删除测试成功
2023-05-30 08:44:50[ INFO ]>>delete用户删除测试成功
2023-05-30 08:44:50[ INFO ]>>Projectinsert项目插入测试成功
2023-05-30 08:44:50[ INFO ]>>qselectUserInfo用户登录测试成功
2023-05-30 08:44:50[ INFO ]>>queryUserList用户列表查询测试成功
2023-06-06 17:24:43[ INFO ]>>insert用户插入测试成功
2023-06-06 17:24:43[ INFO ]>>update项目更新测试成功
2023-06-06 17:24:43[ INFO ]>>queryProjectList项目列表查询测试成功
2023-06-06 17:24:43[ INFO ]>>Projectinsert项目插入测试成功
2023-06-06 17:24:43[ INFO ]>>qselectUserInfo用户登录测试成功
2023-06-06 17:24:43[ INFO ]>>queryUserList用户列表查询测试成功
2023-06-07 15:57:42[ INFO ]>>delete项目删除测试成功
2023-06-07 16:04:50[ INFO ]>>发布问卷功能测试成功
2023-06-07 16:09:53[ INFO ]>>创建问卷功能测试成功
2023-06-07 16:13:15[ INFO ]>>添加问题功能测试成功
2023-06-07 16:16:18[ INFO ]>>添加选项功能测试成功
2023-06-07 16:24:45[ INFO ]>>queryUserList用户列表查询测试成功
2023-06-07 16:25:23[ INFO ]>> queryQuestionnaireList问卷列表查询测试成功
2023-06-07 16:28:03[ INFO ]>>insert用户插入测试成功
2023-06-07 16:28:03[ INFO ]>>update项目更新测试成功
2023-06-07 16:28:03[ INFO ]>>queryProjectList项目列表查询测试成功
2023-06-07 16:28:03[ INFO ]>> queryQuestionnaireList问卷列表查询测试成功
2023-06-07 16:28:03[ INFO ]>>发布问卷功能测试成功
2023-06-07 16:28:03[ INFO ]>>Projectinsert项目插入测试成功
2023-06-07 16:28:04[ INFO ]>>添加选项功能测试成功
2023-06-07 16:28:04[ INFO ]>>qselectUserInfo用户登录测试成功
2023-06-07 16:28:04[ INFO ]>>添加问题功能测试成功
2023-06-07 16:28:04[ INFO ]>>queryUserList用户列表查询测试成功
2023-06-07 16:29:27[ INFO ]>>insert用户插入测试成功
2023-06-07 16:29:27[ INFO ]>>update项目更新测试成功
2023-06-07 16:29:28[ INFO ]>>queryProjectList项目列表查询测试成功
2023-06-07 16:29:28[ INFO ]>>Projectinsert项目插入测试成功
2023-06-07 16:29:28[ INFO ]>>qselectUserInfo用户登录测试成功
2023-06-07 16:29:28[ INFO ]>>queryUserList用户列表查询测试成功
2023-06-07 16:29:50[ INFO ]>>insert用户插入测试成功
2023-06-07 16:29:50[ INFO ]>>update项目更新测试成功
2023-06-07 16:29:50[ INFO ]>>queryProjectList项目列表查询测试成功
2023-06-07 16:29:50[ INFO ]>>Projectinsert项目插入测试成功
2023-06-07 16:29:51[ INFO ]>>qselectUserInfo用户登录测试成功
2023-06-07 16:29:51[ INFO ]>>queryUserList用户列表查询测试成功
2023-06-07 16:30:37[ INFO ]>>insert用户插入测试成功
2023-06-07 16:30:37[ INFO ]>>update项目更新测试成功
2023-06-07 16:30:38[ INFO ]>>queryProjectList项目列表查询测试成功
2023-06-07 16:30:38[ INFO ]>>Projectinsert项目插入测试成功
2023-06-07 16:30:38[ INFO ]>>qselectUserInfo用户登录测试成功
2023-06-07 16:30:38[ INFO ]>>queryUserList用户列表查询测试成功
2023-06-07 19:32:09[ INFO ]>> queryQuestionnaireList问卷列表查询测试成功
